[
  {
    "Plan": {
      "Node Id": "Sort_8",
      "Estimated Rows": 0.01,
      "Actual Rows": 4,
      "Task": "root",
      "Access Object": "",
      "Operator Info": "test.t2.c2",
      "Execution Info": "time:3.67ms, loops:2",
      "Disk": "744 Bytes",
      "Memory": "0 B",
      "Plans": [
        {
          "Node Id": "HashJoin_12",
          "Plan Rows": 0.01,
          "Actual Rows": 4,
          "Task": "root",
          "Access Object": "",
          "Operator Info": "CARTESIAN inner join",
          "Execution Info": "time:3.64ms, loops:2, build_hash_table:{total:1.71ms, fetch:662.5µs, build:1.05ms}, probe:{concurrency:5, total:10.4ms, max:3.52ms, probe:1.8ms, fetch:8.61ms}",
          "Disk": "N/A",
          "Memory": "11.4 KB",
          "Plans": [
            {
              "Node Id": "TableReader_15(Build)",
              "Plan Rows": 0,
              "Actual Rows": 1,
              "Task": "root",
              "Access Object": "",
              "Operator Info": "data:Selection_14",
              "Execution Info": "time:619.3µs, loops:2, cop_Task: {num: 1, max: 752µs, proc_keys: 5, rpc_num: 1, rpc_time: 730.4µs, copr_cache_hit_ratio: 0.00} ",
              "Disk": "N/A",
              "Memory": "212 B",
              "Plans": [
                {
                  "Node Id": "Selection_14",
                  "Plan Rows": 0,
                  "Actual Rows": 1,
                  "Task": "cop[tikv]",
                  "Access Object": "",
                  "Operator Info": "eq(test.t1.c1, 0)",
                  "Execution Info": "tikv_Task:{time:0s, loops:1}, scan_detail: {total_process_keys: 5, total_process_keys_size: 185, total_keys: 6, rocksdb: {delete_skipped_count: 0, key_skipped_count: 5, block: {cache_hit_count: 0, read_count: 0, read_byte: 0 Bytes}}}",
                  "Disk": "N/A",
                  "Memory": "N/A",
                  "Plans": [
                    {
                      "Node Id": "TableFullScan_12",
                      "Plan Rows": 4,
                      "Actual Rows": 5,
                      "Task": "cop[tikv]",
                      "Access Object": "table:t1",
                      "Operator Info": "keep order:false, stats:pseudo",
                      "Execution Info": "tikv_Task:{time:0s, loops:1}",
                      "Disk": "N/A",
                      "Memory": "N/A"
                    }
                  ]
                }
              ]
            },
            {
              "Node Id": "TableReader_17(Probe)",
              "Plan Rows": 3,
              "Actual Rows": 4,
              "Task": "root",
              "Access Object": "",
              "Operator Info": "data:TableFullScan_16",
              "Execution Info": "time:648.6µs, loops:2, cop_Task: {num: 1, max: 756.3µs, proc_keys: 4, rpc_num: 1, rpc_time: 743.8µs, copr_cache_hit_ratio: 0.00}",
              "Disk": "N/A",
              "Memory": "229 Bytes",
              "Plans": [
                {
                  "Node Id": "TableFullScan_16",
                  "Plan Rows": 3.0,
                  "Actual Rows": 4,
                  "Task": "cop[tikv]",
                  "Access Object": "table:t2",
                  "Operator Info": "keep order:false, stats:pseudo",
                  "Execution Info": "tikv_Task:{time:0s, loops:1}, scan_detail: {total_process_keys: 4, total_process_keys_size: 148, total_keys: 5, rocksdb: {delete_skipped_count: 0, key_skipped_count: 4, block: {cache_hit_count: 0, read_count: 0, read_byte: 0 Bytes}}}",
                  "Disk": "N/A",
                  "Memory": "N/A"
                }
              ]
            }
          ]
        }
      ]
    }
  }
]
